<?xml version="1.0" encoding="UTF-8"?>
<!-- Generated by org.testng.reporters.JUnitReportReporter -->
<testsuite skipped="0" hostname="DESKTOP-UBPG90J" name="EST_TimeZone.TestNgExp1" tests="3" failures="0" timestamp="2020-08-18T18:17:27 IST" time="0.012" errors="0">
  <testcase name="SayHello" time="0.002" classname="EST_TimeZone.TestNgExp1"/>
  <testcase name="Hai" time="0.008" classname="EST_TimeZone.TestNgExp1"/>
  <testcase name="PrintMsg" time="0.002" classname="EST_TimeZone.TestNgExp1"/>
</testsuite> <!-- EST_TimeZone.TestNgExp1 -->
