<?xml version="1.0" encoding="UTF-8"?>
<!-- Generated by org.testng.reporters.JUnitReportReporter -->
<testsuite skipped="1" hostname="DESKTOP-UBPG90J" name="EST_TimeZone.TestNgExp12" tests="4" failures="0" timestamp="2020-08-19T18:39:58 IST" time="33.648" errors="0">
  <testcase name="LaunchAUT" time="29.136" classname="EST_TimeZone.TestNgExp12"/>
  <testcase name="Senddata" time="2.006" classname="EST_TimeZone.TestNgExp12"/>
  <testcase name="TSshot" time="2.506" classname="EST_TimeZone.TestNgExp12"/>
  <testcase name="CloseAUT" classname="EST_TimeZone.TestNgExp12">
    <skipped/>
  </testcase> <!-- CloseAUT -->
</testsuite> <!-- EST_TimeZone.TestNgExp12 -->
