<?xml version="1.0" encoding="UTF-8"?>
<!-- Generated by org.testng.reporters.JUnitReportReporter -->
<testsuite skipped="0" hostname="DESKTOP-UBPG90J" name="EST_TimeZone.TestNgExp10" tests="3" failures="0" timestamp="2020-08-10T19:05:09 IST" time="14.269" errors="0">
  <testcase name="SendData" time="4.138" classname="EST_TimeZone.TestNgExp10"/>
  <testcase name="Click" time="8.516" classname="EST_TimeZone.TestNgExp10"/>
  <testcase name="CloseAUT" time="1.615" classname="EST_TimeZone.TestNgExp10"/>
</testsuite> <!-- EST_TimeZone.TestNgExp10 -->
