<?xml version="1.0" encoding="UTF-8"?>
<!-- Generated by org.testng.reporters.JUnitReportReporter -->
<testsuite skipped="0" hostname="DESKTOP-UBPG90J" name="EST_TimeZone.TestNgExp123" tests="1" failures="0" timestamp="2020-08-20T20:15:34 IST" time="16.456" errors="0">
  <testcase name="headless1" time="16.456" classname="EST_TimeZone.TestNgExp123"/>
</testsuite> <!-- EST_TimeZone.TestNgExp123 -->
