<?xml version="1.0" encoding="UTF-8"?>
<!-- Generated by org.testng.reporters.JUnitReportReporter -->
<testsuite skipped="1" hostname="DESKTOP-UBPG90J" name="EST_TimeZone.TestNgExp15" tests="3" failures="0" timestamp="2020-08-20T19:10:52 IST" time="21.221" errors="0">
  <testcase name="launchAUT" time="20.149" classname="EST_TimeZone.TestNgExp15"/>
  <testcase name="Inputdata" time="1.072" classname="EST_TimeZone.TestNgExp15"/>
  <testcase name="CloseAUT" classname="EST_TimeZone.TestNgExp15">
    <skipped/>
  </testcase> <!-- CloseAUT -->
</testsuite> <!-- EST_TimeZone.TestNgExp15 -->
