<?xml version="1.0" encoding="UTF-8"?>
<!-- Generated by org.testng.reporters.JUnitReportReporter -->
<testsuite skipped="0" hostname="DESKTOP-UBPG90J" name="EST_TimeZone.TestNgExp9" tests="3" failures="0" timestamp="2020-08-18T18:17:27 IST" time="59.220" errors="0">
  <testcase name="LaunchAUT" time="28.500" classname="EST_TimeZone.TestNgExp9"/>
  <testcase name="SendData" time="5.713" classname="EST_TimeZone.TestNgExp9"/>
  <testcase name="Click" time="25.007" classname="EST_TimeZone.TestNgExp9"/>
</testsuite> <!-- EST_TimeZone.TestNgExp9 -->
