<?xml version="1.0" encoding="UTF-8"?>
<!-- Generated by org.testng.reporters.JUnitReportReporter -->
<testsuite skipped="0" hostname="DESKTOP-UBPG90J" name="EST_TimeZone.TestNgExp6" tests="2" failures="0" timestamp="2020-08-18T18:17:27 IST" time="0.009" errors="0">
  <testcase name="PrintSome" time="0.007" classname="EST_TimeZone.TestNgExp6"/>
  <testcase name="PrintSomething" time="0.002" classname="EST_TimeZone.TestNgExp6"/>
</testsuite> <!-- EST_TimeZone.TestNgExp6 -->
