<?xml version="1.0" encoding="UTF-8"?>
<!-- Generated by org.testng.reporters.JUnitReportReporter -->
<testsuite skipped="1" hostname="DESKTOP-UBPG90J" name="EST_TimeZone.TestNgExp13" tests="4" failures="0" timestamp="2020-08-19T19:07:00 IST" time="28.565" errors="0">
  <testcase name="LaunchAUT" time="21.687" classname="EST_TimeZone.TestNgExp13"/>
  <testcase name="SendData" time="4.831" classname="EST_TimeZone.TestNgExp13"/>
  <testcase name="HeightLight" time="2.047" classname="EST_TimeZone.TestNgExp13"/>
  <testcase name="CloseAUT" classname="EST_TimeZone.TestNgExp13">
    <skipped/>
  </testcase> <!-- CloseAUT -->
</testsuite> <!-- EST_TimeZone.TestNgExp13 -->
