<?xml version="1.0" encoding="UTF-8"?>
<!-- Generated by org.testng.reporters.JUnitReportReporter -->
<testsuite skipped="0" hostname="DESKTOP-UBPG90J" name="EST_TimeZone.TestNgExp4" tests="2" failures="0" timestamp="2020-08-18T18:17:27 IST" time="0.015" errors="0">
  <testcase name="Tc01" time="0.007" classname="EST_TimeZone.TestNgExp4"/>
  <testcase name="Tc03" time="0.008" classname="EST_TimeZone.TestNgExp4"/>
</testsuite> <!-- EST_TimeZone.TestNgExp4 -->
