<?xml version="1.0" encoding="UTF-8"?>
<!-- Generated by org.testng.reporters.JUnitReportReporter -->
<testsuite skipped="0" hostname="DESKTOP-UBPG90J" name="EST_TimeZone.TestNGExp7" tests="2" failures="0" timestamp="2020-08-18T18:17:27 IST" time="0.009" errors="0">
  <testcase name="printSome" time="0.004" classname="EST_TimeZone.TestNGExp7"/>
  <testcase name="printSome12" time="0.005" classname="EST_TimeZone.TestNGExp7"/>
</testsuite> <!-- EST_TimeZone.TestNGExp7 -->
