<?xml version="1.0" encoding="UTF-8"?>
<!-- Generated by org.testng.reporters.JUnitReportReporter -->
<testsuite skipped="0" hostname="DESKTOP-UBPG90J" name="EST_TimeZone.TestNGExp2" tests="4" failures="0" timestamp="2020-08-18T18:17:27 IST" time="0.022" errors="0">
  <testcase name="l" time="0.008" classname="EST_TimeZone.TestNGExp2"/>
  <testcase name="f" time="0.003" classname="EST_TimeZone.TestNGExp2"/>
  <testcase name="h" time="0.006" classname="EST_TimeZone.TestNGExp2"/>
  <testcase name="g" time="0.005" classname="EST_TimeZone.TestNGExp2"/>
</testsuite> <!-- EST_TimeZone.TestNGExp2 -->
