<?xml version="1.0" encoding="UTF-8"?>
<!-- Generated by org.testng.reporters.JUnitReportReporter -->
<testsuite skipped="0" hostname="DESKTOP-UBPG90J" name="EST_TimeZone.TestNGExp8" tests="5" failures="0" timestamp="2020-08-18T18:17:27 IST" time="0.014" errors="0">
  <testcase name="E" time="0.003" classname="EST_TimeZone.TestNGExp8"/>
  <testcase name="C" time="0.003" classname="EST_TimeZone.TestNGExp8"/>
  <testcase name="B" time="0.003" classname="EST_TimeZone.TestNGExp8"/>
  <testcase name="A" time="0.003" classname="EST_TimeZone.TestNGExp8"/>
  <testcase name="D" time="0.002" classname="EST_TimeZone.TestNGExp8"/>
</testsuite> <!-- EST_TimeZone.TestNGExp8 -->
