<?xml version="1.0" encoding="UTF-8"?>
<!-- Generated by org.testng.reporters.JUnitReportReporter -->
<testsuite skipped="0" hostname="DESKTOP-UBPG90J" name="EST_TimeZone.TestNgExp14" tests="1" failures="0" timestamp="2020-08-24T18:09:36 IST" time="18.527" errors="0">
  <testcase name="headless1" time="18.527" classname="EST_TimeZone.TestNgExp14"/>
</testsuite> <!-- EST_TimeZone.TestNgExp14 -->
