<?xml version="1.0" encoding="UTF-8"?>
<!-- Generated by org.testng.reporters.JUnitReportReporter -->
<testsuite skipped="0" hostname="DESKTOP-UBPG90J" name="EST_TimeZone.TestNGExp3" tests="4" failures="0" timestamp="2020-08-18T18:17:27 IST" time="0.019" errors="0">
  <testcase name="k" time="0.005" classname="EST_TimeZone.TestNGExp3"/>
  <testcase name="d" time="0.002" classname="EST_TimeZone.TestNGExp3"/>
  <testcase name="s" time="0.010" classname="EST_TimeZone.TestNGExp3"/>
  <testcase name="f" time="0.002" classname="EST_TimeZone.TestNGExp3"/>
</testsuite> <!-- EST_TimeZone.TestNGExp3 -->
