<?xml version="1.0" encoding="UTF-8"?>
<!-- Generated by org.testng.reporters.JUnitReportReporter -->
<testsuite skipped="0" hostname="DESKTOP-UBPG90J" name="EST_TimeZone.TestNgExp11" tests="3" failures="0" timestamp="2020-08-18T18:04:44 IST" time="53.440" errors="0">
  <testcase name="LaunchAUT" time="47.410" classname="EST_TimeZone.TestNgExp11"/>
  <testcase name="HpopBox" time="2.554" classname="EST_TimeZone.TestNgExp11"/>
  <testcase name="TsShot" time="3.476" classname="EST_TimeZone.TestNgExp11"/>
</testsuite> <!-- EST_TimeZone.TestNgExp11 -->
