<?xml version="1.0" encoding="UTF-8"?>
<!-- Generated by org.testng.reporters.JUnitReportReporter -->
<testsuite skipped="0" hostname="DESKTOP-UBPG90J" name="EST_TimeZone.TestNGExp3" tests="4" failures="0" timestamp="18 Aug 2020 12:40:26 GMT" time="0.000" errors="0">
  <testcase name="k" time="0.000" classname="EST_TimeZone.TestNGExp3"/>
  <testcase name="d" time="0.000" classname="EST_TimeZone.TestNGExp3"/>
  <testcase name="s" time="0.000" classname="EST_TimeZone.TestNGExp3"/>
  <testcase name="f" time="0.000" classname="EST_TimeZone.TestNGExp3"/>
</testsuite> <!-- EST_TimeZone.TestNGExp3 -->
