<?xml version="1.0" encoding="UTF-8"?>
<!-- Generated by org.testng.reporters.JUnitReportReporter -->
<testsuite skipped="0" hostname="DESKTOP-UBPG90J" name="EST_TimeZone.TestNGExp2" tests="4" failures="0" timestamp="18 Aug 2020 12:40:26 GMT" time="0.001" errors="0">
  <testcase name="h" time="0.000" classname="EST_TimeZone.TestNGExp2"/>
  <testcase name="l" time="0.000" classname="EST_TimeZone.TestNGExp2"/>
  <testcase name="f" time="0.001" classname="EST_TimeZone.TestNGExp2"/>
  <testcase name="g" time="0.000" classname="EST_TimeZone.TestNGExp2"/>
</testsuite> <!-- EST_TimeZone.TestNGExp2 -->
