<?xml version="1.0" encoding="UTF-8"?>
<!-- Generated by org.testng.reporters.JUnitReportReporter -->
<testsuite skipped="0" hostname="DESKTOP-UBPG90J" name="EST_TimeZone.TestNgExp1" tests="3" failures="0" timestamp="18 Aug 2020 12:40:26 GMT" time="0.008" errors="0">
  <testcase name="PrintMsg" time="0.001" classname="EST_TimeZone.TestNgExp1"/>
  <testcase name="SayHello" time="0.000" classname="EST_TimeZone.TestNgExp1"/>
  <testcase name="Hai" time="0.007" classname="EST_TimeZone.TestNgExp1"/>
</testsuite> <!-- EST_TimeZone.TestNgExp1 -->
